./disk/part_dos.o
./disk/part_nand.o
./disk/part.o
./disk/libdisk.o

./tools/sha1.o
./tools/fdt_wip.o
./tools/fit_image.o
./tools/fdt_rw.o
./tools/ublimage.o
./tools/kwbimage.o
./tools/omapimage.o
./tools/os_support.o
./tools/fdt_ro.o
./tools/imximage.o
./tools/md5.o
./tools/fdt.o
./tools/sunxi_env_gen.o
./tools/default_image.o
./tools/image.o
./tools/fdt_strerror.o
./tools/crc32.o
./tools/mkimage.o

./examples/standalone/hello_world.o
./examples/standalone/stubs.o
./examples/standalone/libstubs.o

./board/allwinner/sun7i-evb/sun7i-evb.o
./board/allwinner/sun7i-evb/libsun7i-evb.o

./drivers/spi/libspi.o
./drivers/i2c/libi2c.o
./drivers/pci/libpci.o
./drivers/twserial/libtws.o
./drivers/input/libinput.o
./drivers/gpio/libgpio.o
./drivers/hwmon/libhwmon.o
./drivers/usb/gadget/libusb_gadget.o
./drivers/usb/eth/libusb_eth.o
./drivers/usb/phy/libusb_phy.o
./drivers/usb/host/libusb_host.o
./drivers/usb/musb/libusb_musb.o
./drivers/watchdog/libwatchdog.o
./drivers/misc/libmisc.o
./drivers/rtc/librtc.o
./drivers/rtc/date.o
./drivers/bios_emulator/libatibiosemu.o
./drivers/video/libvideo.o
./drivers/mmc/mmc.o
./drivers/mmc/libmmc.o
./drivers/mmc/sunxi_mmc.o
./drivers/power/libpower.o
./drivers/mtd/spi/libspi_flash.o
./drivers/mtd/libmtd.o
./drivers/mtd/ubi/libubi.o
./drivers/mtd/onenand/libonenand.o
./drivers/mtd/nand/libnand.o
./drivers/mtd/nand/nand_ecc.o
./drivers/mtd/nand/nand_ids.o
./drivers/mtd/nand/sunxi_nand.o
./drivers/mtd/nand/nand_util.o
./drivers/mtd/nand/nand.o
./drivers/mtd/nand/nand_bbt.o
./drivers/mtd/nand/nand_base.o
./drivers/storage_type/sunxi_flash.o
./drivers/storage_type/libstorage_type.o
./drivers/pcmcia/rpx_pcmcia.o
./drivers/pcmcia/tqm8xx_pcmcia.o
./drivers/pcmcia/libpcmcia.o
./drivers/dma/sunxi_dma.o
./drivers/dma/libdma.o
./drivers/block/libblock.o
./drivers/fpga/libfpga.o
./drivers/net/phy/libphy.o
./drivers/net/libnet.o
./drivers/serial/serial.o
./drivers/serial/ns16550.o
./drivers/serial/libserial.o
./post/libpost.o

./common/s_record.o
./common/main.o
./common/cmd_load.o
./common/cmd_version.o
./common/cmd_mmc.o
./common/cmd_bootm.o
./common/cmd_boot.o
./common/cmd_fastboot.o
./common/env_nowhere.o
./common/cmd_ext4.o
./common/command.o
./common/cmd_nand.o
./common/cmd_pcmcia.o
./common/dlmalloc.o
./common/cmd_ext_common.o
./common/xyzModem.o
./common/stdio.o
./common/console.o
./common/hush.o
./common/cmd_mem.o
./common/cmd_fat.o
./common/cmd_sunxi_flash.o
./common/image.o
./common/memsize.o
./common/cmd_exit.o
./common/cmd_nvedit.o
./common/flash.o
./common/exports.o
./common/env_common.o
./common/cmd_boota.o
./common/libcommon.o
./common/cmd_test.o
./common/cmd_help.o

./lib/lzma/liblzma.o
./lib/errno.o
./lib/time.o
./lib/vsprintf.o
./lib/crc16.o
./lib/libgeneric.o
./lib/gunzip.o
./lib/zlib/libz.o
./lib/zlib/zlib.o
./lib/div64.o
./lib/string.o
./lib/lmb.o
./lib/libfdt/libfdt.o
./lib/display_options.o
./lib/crc7.o
./lib/ldiv.o
./lib/lzo/liblzo.o
./lib/strmhz.o
./lib/ctype.o
./lib/hashtable.o
./lib/net_utils.o
./lib/crc32.o
./lib/qsort.o

./api/libapi.o
./net/libnet.o

./arch/arm/lib/board.o
./arch/arm/lib/cache.o
./arch/arm/lib/eabi_compat.o
./arch/arm/lib/interrupts.o
./arch/arm/lib/cache-cp15.o
./arch/arm/lib/libarm.o
./arch/arm/lib/bootm.o
./arch/arm/lib/reset.o
./arch/arm/cpu/armv7/start.o
./arch/arm/cpu/armv7/cpu.o
./arch/arm/cpu/armv7/sunxi/fastboot.o
./arch/arm/cpu/armv7/sunxi/board.o
./arch/arm/cpu/armv7/sunxi/sparse.o
./arch/arm/cpu/armv7/sunxi/libsunxi.o
./arch/arm/cpu/armv7/sunxi/key.o
./arch/arm/cpu/armv7/sunxi/lowlevel_init.o
./arch/arm/cpu/armv7/sunxi/usb/usbc_host.o
./arch/arm/cpu/armv7/sunxi/usb/usbc.o
./arch/arm/cpu/armv7/sunxi/usb/usbc_phy.o
./arch/arm/cpu/armv7/sunxi/usb/usbc_dev.o
./arch/arm/cpu/armv7/sunxi/gic.o
./arch/arm/cpu/armv7/sunxi/cpu_info.o
./arch/arm/cpu/armv7/sunxi/partition.o
./arch/arm/cpu/armv7/sunxi/sys_config.o
./arch/arm/cpu/armv7/sunxi/timer.o
./arch/arm/cpu/armv7/sunxi/gpio.o
./arch/arm/cpu/armv7/sunxi/reset.o
./arch/arm/cpu/armv7/cache_v7.o
./arch/arm/cpu/armv7/syslib.o
./arch/arm/cpu/armv7/libarmv7.o

./nand_sunxi/lib/src/nfc/nfc_r.o
./nand_sunxi/lib/src/nfc/nfc_w.o
./nand_sunxi/lib/src/scan/nand_id.o
./nand_sunxi/lib/src/scan/nand_scan.o
./nand_sunxi/lib/src/format/nand_format.o
./nand_sunxi/lib/src/logic/mbr.o
./nand_sunxi/lib/src/logic/mapping_base.o
./nand_sunxi/lib/src/logic/mapping.o
./nand_sunxi/lib/src/logic/logic_cache.o
./nand_sunxi/lib/src/logic/read_reclaim.o
./nand_sunxi/lib/src/logic/wear_levelling.o
./nand_sunxi/lib/src/logic/logic_ctl.o
./nand_sunxi/lib/src/logic/bad_manage.o
./nand_sunxi/lib/src/logic/merge.o
./nand_sunxi/lib/src/physic/nand_simple_w.o
./nand_sunxi/lib/src/physic/nand_simple_r.o
./nand_sunxi/lib/src/physic/nand_phy.o
./nand_sunxi/lib/libsunxi-nand.o
./nand_sunxi/lib/nand_drv/nand_fspart.o
./nand_sunxi/lib/nand_drv/nand_osal_uboot.o
./nand_sunxi/lib/nand_drv/nand_for_uboot.o

./fs/cramfs/libcramfs.o
./fs/fat/file.o
./fs/fat/libfat.o
./fs/fat/fat.o
./fs/fat/fat_write.o
./fs/yaffs2/libyaffs2.o
./fs/ubifs/libubifs.o
./fs/ext4/libext4fs.o
./fs/ext4/ext4_common.o
./fs/ext4/dev.o
./fs/ext4/ext4fs.o
./fs/reiserfs/libreiserfs.o
./fs/jffs2/libjffs2.o
./fs/fdos/libfdos.o
